2025-02-24 20:18:55,501 - INFO - ====== WebDriver manager ======
2025-02-24 20:18:56,083 - INFO - Get LATEST chromedriver version for google-chrome
2025-02-24 20:18:57,362 - INFO - Get LATEST chromedriver version for google-chrome
2025-02-24 20:18:58,292 - INFO - Driver [C:\Users\roman\.wdm\drivers\chromedriver\win64\128.0.6613.137\chromedriver-win32/chromedriver.exe] found in cache
2025-02-24 20:18:59,333 - INFO - Opening university login page...
2025-02-24 20:19:04,079 - INFO - ====== WebDriver manager ======
2025-02-24 20:19:04,628 - INFO - Get LATEST chromedriver version for google-chrome
2025-02-24 20:19:05,462 - INFO - Get LATEST chromedriver version for google-chrome
2025-02-24 20:19:06,115 - INFO - Driver [C:\Users\roman\.wdm\drivers\chromedriver\win64\128.0.6613.137\chromedriver-win32/chromedriver.exe] found in cache
2025-02-24 20:19:06,521 - INFO - Entering login credentials...
2025-02-24 20:19:07,259 - INFO - Opening university login page...
2025-02-24 20:19:09,578 - INFO - Entering login credentials...
2025-02-24 20:19:10,956 - INFO - Login successful!
2025-02-24 20:19:13,118 - INFO - Login successful!
2025-02-24 20:19:13,450 - INFO - The current day is opened
2025-02-24 20:19:13,491 - INFO - Found 2 attendance events
2025-02-24 20:19:13,491 - INFO - Current time: 19:19:13.491297
2025-02-24 20:19:13,686 - INFO - Event time bounds: 07:20:00 - 09:05:00
2025-02-24 20:19:13,687 - INFO - Current time is outside the event's time bounds.
2025-02-24 20:19:13,696 - INFO - Event time bounds: 09:15:00 - 10:50:00
2025-02-24 20:19:13,696 - INFO - Current time is outside the event's time bounds.
2025-02-24 20:19:13,696 - ERROR - No attendance was marked for current task call
2025-02-24 20:19:13,696 - INFO - Closing the browser.
2025-02-24 20:19:15,526 - INFO - The current day is opened
2025-02-24 20:19:15,534 - INFO - Found 2 attendance events
2025-02-24 20:19:15,534 - INFO - Current time: 19:19:15.534219
2025-02-24 20:19:15,577 - INFO - Event time bounds: 07:20:00 - 09:05:00
2025-02-24 20:19:15,577 - INFO - Current time is outside the event's time bounds.
2025-02-24 20:19:15,585 - INFO - Event time bounds: 09:15:00 - 10:50:00
2025-02-24 20:19:15,585 - INFO - Current time is outside the event's time bounds.
2025-02-24 20:19:15,585 - ERROR - No attendance was marked for current task call
2025-02-24 20:19:15,585 - INFO - Closing the browser.
