2025-02-26 12:58:06,534 - INFO - ====== WebDriver manager ======
2025-02-26 12:58:07,034 - INFO - Get LATEST chromedriver version for google-chrome
2025-02-26 12:58:07,084 - INFO - Get LATEST chromedriver version for google-chrome
2025-02-26 12:58:07,124 - INFO - Driver [C:\Users\roman\.wdm\drivers\chromedriver\win64\128.0.6613.137\chromedriver-win32/chromedriver.exe] found in cache
2025-02-26 12:58:08,087 - INFO - Opening university login page...
2025-02-26 12:58:09,757 - INFO - Entering login credentials...
2025-02-26 12:58:13,085 - INFO - Login successful!
2025-02-26 12:58:15,330 - INFO - The current day is opened
2025-02-26 12:58:15,333 - ERROR - Error occurred: Message: invalid selector
from javascript error: {"status":32,"value":"An invalid or illegal selector was specified"}
  (Session info: chrome=128.0.6613.120); For documentation on this error, please visit: https://www.selenium.dev/documentation/webdriver/troubleshooting/errors#invalid-selector-exception
Stacktrace:
	GetHandleVerifier [0x0098D933+25811]
	(No symbol) [0x0091E314]
	(No symbol) [0x00812523]
	(No symbol) [0x008180A4]
	(No symbol) [0x00819988]
	(No symbol) [0x00819A00]
	(No symbol) [0x008570F5]
	(No symbol) [0x0085765B]
	(No symbol) [0x00896BDC]
	(No symbol) [0x0087AD74]
	(No symbol) [0x008946F0]
	(No symbol) [0x0087AAC6]
	(No symbol) [0x0084BEFD]
	(No symbol) [0x0084C8FD]
	GetHandleVerifier [0x00C5F143+2981091]
	GetHandleVerifier [0x00CB2FF9+3324825]
	GetHandleVerifier [0x00A1B32F+605903]
	GetHandleVerifier [0x00A22CBC+637020]
	(No symbol) [0x00926F4D]
	(No symbol) [0x00923DD8]
	(No symbol) [0x00923F75]
	(No symbol) [0x00916406]
	BaseThreadInitThunk [0x769C7BA9+25]
	RtlInitializeExceptionChain [0x77B7BD2B+107]
	RtlClearBits [0x77B7BCAF+191]

2025-02-26 12:58:15,351 - INFO - Closing the browser.
